2023-09-19 17:59:45,662 DEBUG [http-nio-63040-exec-1][AbstractPlatformTransactionManager.java:370] - Creating new transaction with name [com.hh.content.service.impl.CourseBaseInfoServiceImpl.createCourseBase]: PROPAGATION_REQUIRED,ISOLATION_DEFAULT
2023-09-19 17:59:45,662 DEBUG [SpringContextShutdownHook][AbstractApplicationContext.java:1006] - Closing org.springframework.boot.web.servlet.context.AnnotationConfigServletWebServerApplicationContext@177e388, started on Tue Sep 19 16:23:06 CST 2023, parent: org.springframework.context.annotation.AnnotationConfigApplicationContext@38ba58
2023-09-19 17:59:45,662 DEBUG [SpringContextShutdownHook][AbstractApplicationContext.java:1006] - Closing org.springframework.boot.web.servlet.context.AnnotationConfigServletWebServerApplicationContext@177e388, started on Tue Sep 19 16:23:06 CST 2023, parent: org.springframework.context.annotation.AnnotationConfigApplicationContext@38ba58
2023-09-19 17:59:45,662 DEBUG [http-nio-63040-exec-1][AbstractPlatformTransactionManager.java:370] - Creating new transaction with name [com.hh.content.service.impl.CourseBaseInfoServiceImpl.createCourseBase]: PROPAGATION_REQUIRED,ISOLATION_DEFAULT
2023-09-19 17:59:45,669 DEBUG [SpringContextShutdownHook][DefaultLifecycleProcessor.java:369] - Stopping beans in phase 2147483647
2023-09-19 17:59:45,669 DEBUG [http-nio-63040-exec-1][HikariConfig.java:1066] - HikariPool-1 - configuration:
2023-09-19 17:59:45,669 DEBUG [SpringContextShutdownHook][DefaultLifecycleProcessor.java:369] - Stopping beans in phase 2147483647
2023-09-19 17:59:45,669 DEBUG [http-nio-63040-exec-1][HikariConfig.java:1066] - HikariPool-1 - configuration:
2023-09-19 17:59:45,670 DEBUG [SpringContextShutdownHook][DefaultLifecycleProcessor.java:242] - Bean 'documentationPluginsBootstrapper' completed its stop procedure
2023-09-19 17:59:45,670 DEBUG [SpringContextShutdownHook][DefaultLifecycleProcessor.java:242] - Bean 'documentationPluginsBootstrapper' completed its stop procedure
2023-09-19 17:59:45,671 DEBUG [SpringContextShutdownHook][DefaultLifecycleProcessor.java:242] - Bean 'webServerGracefulShutdown' completed its stop procedure
2023-09-19 17:59:45,671 DEBUG [SpringContextShutdownHook][DefaultLifecycleProcessor.java:242] - Bean 'webServerGracefulShutdown' completed its stop procedure
2023-09-19 17:59:45,672 DEBUG [SpringContextShutdownHook][DefaultLifecycleProcessor.java:369] - Stopping beans in phase 2147483646
2023-09-19 17:59:45,672 DEBUG [SpringContextShutdownHook][DefaultLifecycleProcessor.java:369] - Stopping beans in phase 2147483646
2023-09-19 17:59:45,672 DEBUG [http-nio-63040-exec-1][HikariConfig.java:1098] - allowPoolSuspension.............false
2023-09-19 17:59:45,672 DEBUG [http-nio-63040-exec-1][HikariConfig.java:1098] - allowPoolSuspension.............false
2023-09-19 17:59:45,672 DEBUG [http-nio-63040-exec-1][HikariConfig.java:1098] - autoCommit......................true
2023-09-19 17:59:45,672 DEBUG [http-nio-63040-exec-1][HikariConfig.java:1098] - autoCommit......................true
2023-09-19 17:59:45,672 DEBUG [http-nio-63040-exec-1][HikariConfig.java:1098] - catalog.........................none
2023-09-19 17:59:45,672 DEBUG [http-nio-63040-exec-1][HikariConfig.java:1098] - catalog.........................none
2023-09-19 17:59:45,672 DEBUG [http-nio-63040-exec-1][HikariConfig.java:1098] - connectionInitSql...............none
2023-09-19 17:59:45,672 DEBUG [http-nio-63040-exec-1][HikariConfig.java:1098] - connectionInitSql...............none
2023-09-19 17:59:45,672 DEBUG [http-nio-63040-exec-1][HikariConfig.java:1098] - connectionTestQuery.............none
2023-09-19 17:59:45,672 DEBUG [http-nio-63040-exec-1][HikariConfig.java:1098] - connectionTestQuery.............none
2023-09-19 17:59:45,672 DEBUG [http-nio-63040-exec-1][HikariConfig.java:1098] - connectionTimeout...............30000
2023-09-19 17:59:45,672 DEBUG [http-nio-63040-exec-1][HikariConfig.java:1098] - connectionTimeout...............30000
2023-09-19 17:59:45,674 DEBUG [http-nio-63040-exec-1][HikariConfig.java:1098] - dataSource......................none
2023-09-19 17:59:45,674 DEBUG [http-nio-63040-exec-1][HikariConfig.java:1098] - dataSource......................none
2023-09-19 17:59:45,674 DEBUG [http-nio-63040-exec-1][HikariConfig.java:1098] - dataSourceClassName.............none
2023-09-19 17:59:45,674 DEBUG [http-nio-63040-exec-1][HikariConfig.java:1098] - dataSourceClassName.............none
2023-09-19 17:59:45,674 DEBUG [http-nio-63040-exec-1][HikariConfig.java:1098] - dataSourceJNDI..................none
2023-09-19 17:59:45,674 DEBUG [http-nio-63040-exec-1][HikariConfig.java:1098] - dataSourceJNDI..................none
2023-09-19 17:59:45,675 DEBUG [http-nio-63040-exec-1][HikariConfig.java:1098] - dataSourceProperties............{password=<masked>}
2023-09-19 17:59:45,675 DEBUG [http-nio-63040-exec-1][HikariConfig.java:1098] - dataSourceProperties............{password=<masked>}
2023-09-19 17:59:45,675 DEBUG [http-nio-63040-exec-1][HikariConfig.java:1098] - driverClassName................."com.mysql.cj.jdbc.Driver"
2023-09-19 17:59:45,675 DEBUG [http-nio-63040-exec-1][HikariConfig.java:1098] - driverClassName................."com.mysql.cj.jdbc.Driver"
2023-09-19 17:59:45,675 DEBUG [http-nio-63040-exec-1][HikariConfig.java:1098] - exceptionOverrideClassName......none
2023-09-19 17:59:45,675 DEBUG [http-nio-63040-exec-1][HikariConfig.java:1098] - exceptionOverrideClassName......none
2023-09-19 17:59:45,675 DEBUG [http-nio-63040-exec-1][HikariConfig.java:1098] - healthCheckProperties...........{}
2023-09-19 17:59:45,675 DEBUG [http-nio-63040-exec-1][HikariConfig.java:1098] - healthCheckProperties...........{}
2023-09-19 17:59:45,676 DEBUG [http-nio-63040-exec-1][HikariConfig.java:1098] - healthCheckRegistry.............none
2023-09-19 17:59:45,676 DEBUG [http-nio-63040-exec-1][HikariConfig.java:1098] - healthCheckRegistry.............none
2023-09-19 17:59:45,676 DEBUG [http-nio-63040-exec-1][HikariConfig.java:1098] - idleTimeout.....................600000
2023-09-19 17:59:45,676 DEBUG [http-nio-63040-exec-1][HikariConfig.java:1098] - idleTimeout.....................600000
2023-09-19 17:59:45,676 DEBUG [http-nio-63040-exec-1][HikariConfig.java:1098] - initializationFailTimeout.......1
2023-09-19 17:59:45,676 DEBUG [http-nio-63040-exec-1][HikariConfig.java:1098] - initializationFailTimeout.......1
2023-09-19 17:59:45,676 DEBUG [http-nio-63040-exec-1][HikariConfig.java:1098] - isolateInternalQueries..........false
2023-09-19 17:59:45,676 DEBUG [http-nio-63040-exec-1][HikariConfig.java:1098] - isolateInternalQueries..........false
2023-09-19 17:59:45,676 DEBUG [http-nio-63040-exec-1][HikariConfig.java:1098] - jdbcUrl.........................jdbc:mysql://192.168.101.65:3306/xc402_content?serverTimezone=UTC&userUnicode=true&useSSL=false&
2023-09-19 17:59:45,676 DEBUG [http-nio-63040-exec-1][HikariConfig.java:1098] - jdbcUrl.........................jdbc:mysql://192.168.101.65:3306/xc402_content?serverTimezone=UTC&userUnicode=true&useSSL=false&
2023-09-19 17:59:45,677 DEBUG [http-nio-63040-exec-1][HikariConfig.java:1098] - leakDetectionThreshold..........0
2023-09-19 17:59:45,677 DEBUG [http-nio-63040-exec-1][HikariConfig.java:1098] - leakDetectionThreshold..........0
2023-09-19 17:59:45,677 DEBUG [http-nio-63040-exec-1][HikariConfig.java:1098] - maxLifetime.....................1800000
2023-09-19 17:59:45,677 DEBUG [http-nio-63040-exec-1][HikariConfig.java:1098] - maxLifetime.....................1800000
2023-09-19 17:59:45,677 DEBUG [http-nio-63040-exec-1][HikariConfig.java:1098] - maximumPoolSize.................10
2023-09-19 17:59:45,677 DEBUG [http-nio-63040-exec-1][HikariConfig.java:1098] - maximumPoolSize.................10
2023-09-19 17:59:45,677 DEBUG [http-nio-63040-exec-1][HikariConfig.java:1098] - metricRegistry..................none
2023-09-19 17:59:45,677 DEBUG [http-nio-63040-exec-1][HikariConfig.java:1098] - metricRegistry..................none
2023-09-19 17:59:45,677 DEBUG [http-nio-63040-exec-1][HikariConfig.java:1098] - metricsTrackerFactory...........none
2023-09-19 17:59:45,677 DEBUG [http-nio-63040-exec-1][HikariConfig.java:1098] - metricsTrackerFactory...........none
2023-09-19 17:59:45,678 DEBUG [http-nio-63040-exec-1][HikariConfig.java:1098] - minimumIdle.....................10
2023-09-19 17:59:45,678 DEBUG [http-nio-63040-exec-1][HikariConfig.java:1098] - minimumIdle.....................10
2023-09-19 17:59:45,678 DEBUG [http-nio-63040-exec-1][HikariConfig.java:1098] - password........................<masked>
2023-09-19 17:59:45,678 DEBUG [http-nio-63040-exec-1][HikariConfig.java:1098] - password........................<masked>
2023-09-19 17:59:45,678 DEBUG [http-nio-63040-exec-1][HikariConfig.java:1098] - poolName........................"HikariPool-1"
2023-09-19 17:59:45,678 DEBUG [http-nio-63040-exec-1][HikariConfig.java:1098] - poolName........................"HikariPool-1"
2023-09-19 17:59:45,678 DEBUG [http-nio-63040-exec-1][HikariConfig.java:1098] - readOnly........................false
2023-09-19 17:59:45,678 DEBUG [http-nio-63040-exec-1][HikariConfig.java:1098] - readOnly........................false
2023-09-19 17:59:45,678 DEBUG [http-nio-63040-exec-1][HikariConfig.java:1098] - registerMbeans..................false
2023-09-19 17:59:45,678 DEBUG [http-nio-63040-exec-1][HikariConfig.java:1098] - registerMbeans..................false
2023-09-19 17:59:45,679 DEBUG [http-nio-63040-exec-1][HikariConfig.java:1098] - scheduledExecutor...............none
2023-09-19 17:59:45,679 DEBUG [http-nio-63040-exec-1][HikariConfig.java:1098] - scheduledExecutor...............none
2023-09-19 17:59:45,679 DEBUG [http-nio-63040-exec-1][HikariConfig.java:1098] - schema..........................none
2023-09-19 17:59:45,679 DEBUG [http-nio-63040-exec-1][HikariConfig.java:1098] - schema..........................none
2023-09-19 17:59:45,679 DEBUG [http-nio-63040-exec-1][HikariConfig.java:1098] - threadFactory...................internal
2023-09-19 17:59:45,679 DEBUG [http-nio-63040-exec-1][HikariConfig.java:1098] - threadFactory...................internal
2023-09-19 17:59:45,679 DEBUG [http-nio-63040-exec-1][HikariConfig.java:1098] - transactionIsolation............default
2023-09-19 17:59:45,679 DEBUG [http-nio-63040-exec-1][HikariConfig.java:1098] - transactionIsolation............default
2023-09-19 17:59:45,679 DEBUG [http-nio-63040-exec-1][HikariConfig.java:1098] - username........................"root"
2023-09-19 17:59:45,679 DEBUG [http-nio-63040-exec-1][HikariConfig.java:1098] - username........................"root"
2023-09-19 17:59:45,679 DEBUG [http-nio-63040-exec-1][HikariConfig.java:1098] - validationTimeout...............5000
2023-09-19 17:59:45,679 DEBUG [http-nio-63040-exec-1][HikariConfig.java:1098] - validationTimeout...............5000
2023-09-19 17:59:45,679 INFO [http-nio-63040-exec-1][HikariDataSource.java:110] - HikariPool-1 - Starting...
2023-09-19 17:59:45,679 INFO [http-nio-63040-exec-1][HikariDataSource.java:110] - HikariPool-1 - Starting...
