2023-09-19 23:00:00,614 DEBUG [http-nio-63040-exec-2][LogFormatUtils.java:91] - GET "/content/course-category/tree-nodes", parameters={}
2023-09-19 23:00:00,614 DEBUG [http-nio-63040-exec-2][LogFormatUtils.java:91] - GET "/content/course-category/tree-nodes", parameters={}
2023-09-19 23:00:00,614 DEBUG [http-nio-63040-exec-3][LogFormatUtils.java:91] - GET "/content/course/1", parameters={}
2023-09-19 23:00:00,614 DEBUG [http-nio-63040-exec-3][LogFormatUtils.java:91] - GET "/content/course/1", parameters={}
2023-09-19 23:00:00,633 DEBUG [http-nio-63040-exec-3][AbstractHandlerMapping.java:415] - Mapped to com.hh.content.api.CourseBaseInfoController#getCourseBaseById(Long)
2023-09-19 23:00:00,633 DEBUG [http-nio-63040-exec-3][AbstractHandlerMapping.java:415] - Mapped to com.hh.content.api.CourseBaseInfoController#getCourseBaseById(Long)
2023-09-19 23:00:00,633 DEBUG [http-nio-63040-exec-2][AbstractHandlerMapping.java:415] - Mapped to com.hh.content.api.CourseCategoryController#queryTreeNodes()
2023-09-19 23:00:00,633 DEBUG [http-nio-63040-exec-2][AbstractHandlerMapping.java:415] - Mapped to com.hh.content.api.CourseCategoryController#queryTreeNodes()
2023-09-19 23:00:00,635 DEBUG [http-nio-63040-exec-2][Logger.java:49] - Creating a new SqlSession
2023-09-19 23:00:00,635 DEBUG [http-nio-63040-exec-2][Logger.java:49] - Creating a new SqlSession
2023-09-19 23:00:00,635 DEBUG [http-nio-63040-exec-2][Logger.java:49] - SqlSession [org.apache.ibatis.session.defaults.DefaultSqlSession@75dd43] was not registered for synchronization because synchronization is not active
2023-09-19 23:00:00,635 DEBUG [http-nio-63040-exec-2][Logger.java:49] - SqlSession [org.apache.ibatis.session.defaults.DefaultSqlSession@75dd43] was not registered for synchronization because synchronization is not active
2023-09-19 23:00:00,635 DEBUG [http-nio-63040-exec-2][DataSourceUtils.java:115] - Fetching JDBC Connection from DataSource
2023-09-19 23:00:00,635 DEBUG [http-nio-63040-exec-2][DataSourceUtils.java:115] - Fetching JDBC Connection from DataSource
2023-09-19 23:00:00,637 DEBUG [http-nio-63040-exec-3][Logger.java:49] - Creating a new SqlSession
2023-09-19 23:00:00,637 DEBUG [http-nio-63040-exec-3][Logger.java:49] - Creating a new SqlSession
2023-09-19 23:00:00,637 DEBUG [http-nio-63040-exec-3][Logger.java:49] - SqlSession [org.apache.ibatis.session.defaults.DefaultSqlSession@1f66393] was not registered for synchronization because synchronization is not active
2023-09-19 23:00:00,637 DEBUG [http-nio-63040-exec-3][Logger.java:49] - SqlSession [org.apache.ibatis.session.defaults.DefaultSqlSession@1f66393] was not registered for synchronization because synchronization is not active
2023-09-19 23:00:00,637 DEBUG [http-nio-63040-exec-2][Logger.java:49] - JDBC Connection [HikariProxyConnection@11676221 wrapping com.mysql.cj.jdbc.ConnectionImpl@74ffd0] will not be managed by Spring
2023-09-19 23:00:00,637 DEBUG [http-nio-63040-exec-2][Logger.java:49] - JDBC Connection [HikariProxyConnection@11676221 wrapping com.mysql.cj.jdbc.ConnectionImpl@74ffd0] will not be managed by Spring
2023-09-19 23:00:00,637 DEBUG [http-nio-63040-exec-2][BaseJdbcLogger.java:137] - ==>  Preparing: with recursive t1 as ( select * from course_category p where id= ? union all select t.* from course_category t inner join t1 on t1.id = t.parentid ) select * from t1 order by t1.id, t1.orderby
2023-09-19 23:00:00,637 DEBUG [http-nio-63040-exec-2][BaseJdbcLogger.java:137] - ==>  Preparing: with recursive t1 as ( select * from course_category p where id= ? union all select t.* from course_category t inner join t1 on t1.id = t.parentid ) select * from t1 order by t1.id, t1.orderby
2023-09-19 23:00:00,637 DEBUG [http-nio-63040-exec-3][DataSourceUtils.java:115] - Fetching JDBC Connection from DataSource
2023-09-19 23:00:00,637 DEBUG [http-nio-63040-exec-3][DataSourceUtils.java:115] - Fetching JDBC Connection from DataSource
2023-09-19 23:00:00,639 DEBUG [http-nio-63040-exec-3][Logger.java:49] - JDBC Connection [HikariProxyConnection@9096131 wrapping com.mysql.cj.jdbc.ConnectionImpl@ffff7d] will not be managed by Spring
2023-09-19 23:00:00,639 DEBUG [http-nio-63040-exec-2][BaseJdbcLogger.java:137] - ==> Parameters: 1(String)
2023-09-19 23:00:00,639 DEBUG [http-nio-63040-exec-3][Logger.java:49] - JDBC Connection [HikariProxyConnection@9096131 wrapping com.mysql.cj.jdbc.ConnectionImpl@ffff7d] will not be managed by Spring
2023-09-19 23:00:00,639 DEBUG [http-nio-63040-exec-2][BaseJdbcLogger.java:137] - ==> Parameters: 1(String)
2023-09-19 23:00:00,639 DEBUG [http-nio-63040-exec-3][BaseJdbcLogger.java:137] - ==>  Preparing: SELECT id,company_id,company_name,name,users,tags,mt,st,grade,teachmode,description,pic,create_date,change_date,create_people,change_people,audit_status,status FROM course_base WHERE id=?
2023-09-19 23:00:00,639 DEBUG [http-nio-63040-exec-3][BaseJdbcLogger.java:137] - ==>  Preparing: SELECT id,company_id,company_name,name,users,tags,mt,st,grade,teachmode,description,pic,create_date,change_date,create_people,change_people,audit_status,status FROM course_base WHERE id=?
2023-09-19 23:00:00,639 DEBUG [http-nio-63040-exec-3][BaseJdbcLogger.java:137] - ==> Parameters: 1(Long)
2023-09-19 23:00:00,639 DEBUG [http-nio-63040-exec-3][BaseJdbcLogger.java:137] - ==> Parameters: 1(Long)
2023-09-19 23:00:00,642 DEBUG [http-nio-63040-exec-3][BaseJdbcLogger.java:137] - <==      Total: 1
2023-09-19 23:00:00,642 DEBUG [http-nio-63040-exec-3][BaseJdbcLogger.java:137] - <==      Total: 1
2023-09-19 23:00:00,644 DEBUG [http-nio-63040-exec-3][Logger.java:49] - Closing non transactional SqlSession [org.apache.ibatis.session.defaults.DefaultSqlSession@1f66393]
2023-09-19 23:00:00,644 DEBUG [http-nio-63040-exec-3][Logger.java:49] - Closing non transactional SqlSession [org.apache.ibatis.session.defaults.DefaultSqlSession@1f66393]
2023-09-19 23:00:00,644 DEBUG [http-nio-63040-exec-3][Logger.java:49] - Creating a new SqlSession
2023-09-19 23:00:00,644 DEBUG [http-nio-63040-exec-3][Logger.java:49] - Creating a new SqlSession
2023-09-19 23:00:00,644 DEBUG [http-nio-63040-exec-3][Logger.java:49] - SqlSession [org.apache.ibatis.session.defaults.DefaultSqlSession@118d26b] was not registered for synchronization because synchronization is not active
2023-09-19 23:00:00,644 DEBUG [http-nio-63040-exec-3][Logger.java:49] - SqlSession [org.apache.ibatis.session.defaults.DefaultSqlSession@118d26b] was not registered for synchronization because synchronization is not active
2023-09-19 23:00:00,644 DEBUG [http-nio-63040-exec-3][DataSourceUtils.java:115] - Fetching JDBC Connection from DataSource
2023-09-19 23:00:00,644 DEBUG [http-nio-63040-exec-3][DataSourceUtils.java:115] - Fetching JDBC Connection from DataSource
2023-09-19 23:00:00,644 DEBUG [http-nio-63040-exec-3][Logger.java:49] - JDBC Connection [HikariProxyConnection@20254804 wrapping com.mysql.cj.jdbc.ConnectionImpl@ffff7d] will not be managed by Spring
2023-09-19 23:00:00,644 DEBUG [http-nio-63040-exec-3][Logger.java:49] - JDBC Connection [HikariProxyConnection@20254804 wrapping com.mysql.cj.jdbc.ConnectionImpl@ffff7d] will not be managed by Spring
2023-09-19 23:00:00,646 DEBUG [http-nio-63040-exec-3][BaseJdbcLogger.java:137] - ==>  Preparing: SELECT id,charge,price,original_price,qq,wechat,phone,valid_days FROM course_market WHERE id=?
2023-09-19 23:00:00,646 DEBUG [http-nio-63040-exec-3][BaseJdbcLogger.java:137] - ==>  Preparing: SELECT id,charge,price,original_price,qq,wechat,phone,valid_days FROM course_market WHERE id=?
2023-09-19 23:00:00,646 DEBUG [http-nio-63040-exec-3][BaseJdbcLogger.java:137] - ==> Parameters: 1(Long)
2023-09-19 23:00:00,646 DEBUG [http-nio-63040-exec-3][BaseJdbcLogger.java:137] - ==> Parameters: 1(Long)
2023-09-19 23:00:00,647 DEBUG [http-nio-63040-exec-3][BaseJdbcLogger.java:137] - <==      Total: 1
2023-09-19 23:00:00,647 DEBUG [http-nio-63040-exec-3][BaseJdbcLogger.java:137] - <==      Total: 1
2023-09-19 23:00:00,647 DEBUG [http-nio-63040-exec-3][Logger.java:49] - Closing non transactional SqlSession [org.apache.ibatis.session.defaults.DefaultSqlSession@118d26b]
2023-09-19 23:00:00,647 DEBUG [http-nio-63040-exec-3][Logger.java:49] - Closing non transactional SqlSession [org.apache.ibatis.session.defaults.DefaultSqlSession@118d26b]
2023-09-19 23:00:00,651 DEBUG [http-nio-63040-exec-2][BaseJdbcLogger.java:137] - <==      Total: 144
2023-09-19 23:00:00,651 DEBUG [http-nio-63040-exec-2][BaseJdbcLogger.java:137] - <==      Total: 144
2023-09-19 23:00:00,651 DEBUG [http-nio-63040-exec-2][Logger.java:49] - Closing non transactional SqlSession [org.apache.ibatis.session.defaults.DefaultSqlSession@75dd43]
2023-09-19 23:00:00,651 DEBUG [http-nio-63040-exec-2][Logger.java:49] - Closing non transactional SqlSession [org.apache.ibatis.session.defaults.DefaultSqlSession@75dd43]
2023-09-19 23:00:00,662 DEBUG [http-nio-63040-exec-2][AbstractMessageConverterMethodProcessor.java:255] - Using 'application/json', given [application/json, text/plain, */*] and supported [application/json, application/*+json, application/json, application/*+json]
2023-09-19 23:00:00,662 DEBUG [http-nio-63040-exec-2][AbstractMessageConverterMethodProcessor.java:255] - Using 'application/json', given [application/json, text/plain, */*] and supported [application/json, application/*+json, application/json, application/*+json]
2023-09-19 23:00:00,662 DEBUG [http-nio-63040-exec-2][LogFormatUtils.java:91] - Writing [[CourseCategoryTreeDto(childrenTreeNodes=[CourseCategoryTreeDto(childrenTreeNodes=null), CourseCateg (truncated)...]
2023-09-19 23:00:00,662 DEBUG [http-nio-63040-exec-2][LogFormatUtils.java:91] - Writing [[CourseCategoryTreeDto(childrenTreeNodes=[CourseCategoryTreeDto(childrenTreeNodes=null), CourseCateg (truncated)...]
2023-09-19 23:00:00,664 DEBUG [http-nio-63040-exec-3][Logger.java:49] - Creating a new SqlSession
2023-09-19 23:00:00,664 DEBUG [http-nio-63040-exec-3][Logger.java:49] - Creating a new SqlSession
2023-09-19 23:00:00,664 DEBUG [http-nio-63040-exec-3][Logger.java:49] - SqlSession [org.apache.ibatis.session.defaults.DefaultSqlSession@74f09] was not registered for synchronization because synchronization is not active
2023-09-19 23:00:00,664 DEBUG [http-nio-63040-exec-3][Logger.java:49] - SqlSession [org.apache.ibatis.session.defaults.DefaultSqlSession@74f09] was not registered for synchronization because synchronization is not active
2023-09-19 23:00:00,664 DEBUG [http-nio-63040-exec-3][DataSourceUtils.java:115] - Fetching JDBC Connection from DataSource
2023-09-19 23:00:00,664 DEBUG [http-nio-63040-exec-3][DataSourceUtils.java:115] - Fetching JDBC Connection from DataSource
2023-09-19 23:00:00,664 DEBUG [http-nio-63040-exec-3][Logger.java:49] - JDBC Connection [HikariProxyConnection@32065133 wrapping com.mysql.cj.jdbc.ConnectionImpl@ffff7d] will not be managed by Spring
2023-09-19 23:00:00,664 DEBUG [http-nio-63040-exec-3][Logger.java:49] - JDBC Connection [HikariProxyConnection@32065133 wrapping com.mysql.cj.jdbc.ConnectionImpl@ffff7d] will not be managed by Spring
2023-09-19 23:00:00,666 DEBUG [http-nio-63040-exec-3][BaseJdbcLogger.java:137] - ==>  Preparing: SELECT id,name,label,parentid,is_show,orderby,is_leaf FROM course_category WHERE id=?
2023-09-19 23:00:00,666 DEBUG [http-nio-63040-exec-3][BaseJdbcLogger.java:137] - ==>  Preparing: SELECT id,name,label,parentid,is_show,orderby,is_leaf FROM course_category WHERE id=?
2023-09-19 23:00:00,666 DEBUG [http-nio-63040-exec-3][BaseJdbcLogger.java:137] - ==> Parameters: 1-3-2(String)
2023-09-19 23:00:00,666 DEBUG [http-nio-63040-exec-3][BaseJdbcLogger.java:137] - ==> Parameters: 1-3-2(String)
2023-09-19 23:00:00,667 DEBUG [http-nio-63040-exec-2][FrameworkServlet.java:1131] - Completed 200 OK
2023-09-19 23:00:00,667 DEBUG [http-nio-63040-exec-2][FrameworkServlet.java:1131] - Completed 200 OK
2023-09-19 23:00:00,669 DEBUG [http-nio-63040-exec-3][BaseJdbcLogger.java:137] - <==      Total: 1
2023-09-19 23:00:00,669 DEBUG [http-nio-63040-exec-3][BaseJdbcLogger.java:137] - <==      Total: 1
2023-09-19 23:00:00,669 DEBUG [http-nio-63040-exec-3][Logger.java:49] - Closing non transactional SqlSession [org.apache.ibatis.session.defaults.DefaultSqlSession@74f09]
2023-09-19 23:00:00,669 DEBUG [http-nio-63040-exec-3][Logger.java:49] - Closing non transactional SqlSession [org.apache.ibatis.session.defaults.DefaultSqlSession@74f09]
2023-09-19 23:00:00,669 DEBUG [http-nio-63040-exec-3][Logger.java:49] - Creating a new SqlSession
2023-09-19 23:00:00,669 DEBUG [http-nio-63040-exec-3][Logger.java:49] - Creating a new SqlSession
2023-09-19 23:00:00,669 DEBUG [http-nio-63040-exec-3][Logger.java:49] - SqlSession [org.apache.ibatis.session.defaults.DefaultSqlSession@18bd674] was not registered for synchronization because synchronization is not active
2023-09-19 23:00:00,669 DEBUG [http-nio-63040-exec-3][Logger.java:49] - SqlSession [org.apache.ibatis.session.defaults.DefaultSqlSession@18bd674] was not registered for synchronization because synchronization is not active
2023-09-19 23:00:00,669 DEBUG [http-nio-63040-exec-3][DataSourceUtils.java:115] - Fetching JDBC Connection from DataSource
2023-09-19 23:00:00,669 DEBUG [http-nio-63040-exec-3][DataSourceUtils.java:115] - Fetching JDBC Connection from DataSource
2023-09-19 23:00:00,669 DEBUG [http-nio-63040-exec-3][Logger.java:49] - JDBC Connection [HikariProxyConnection@29011275 wrapping com.mysql.cj.jdbc.ConnectionImpl@ffff7d] will not be managed by Spring
2023-09-19 23:00:00,669 DEBUG [http-nio-63040-exec-3][Logger.java:49] - JDBC Connection [HikariProxyConnection@29011275 wrapping com.mysql.cj.jdbc.ConnectionImpl@ffff7d] will not be managed by Spring
2023-09-19 23:00:00,669 DEBUG [http-nio-63040-exec-3][BaseJdbcLogger.java:137] - ==>  Preparing: SELECT id,name,label,parentid,is_show,orderby,is_leaf FROM course_category WHERE id=?
2023-09-19 23:00:00,669 DEBUG [http-nio-63040-exec-3][BaseJdbcLogger.java:137] - ==>  Preparing: SELECT id,name,label,parentid,is_show,orderby,is_leaf FROM course_category WHERE id=?
2023-09-19 23:00:00,671 DEBUG [http-nio-63040-exec-3][BaseJdbcLogger.java:137] - ==> Parameters: 1(String)
2023-09-19 23:00:00,671 DEBUG [http-nio-63040-exec-3][BaseJdbcLogger.java:137] - ==> Parameters: 1(String)
2023-09-19 23:00:00,673 DEBUG [http-nio-63040-exec-3][BaseJdbcLogger.java:137] - <==      Total: 1
2023-09-19 23:00:00,673 DEBUG [http-nio-63040-exec-3][BaseJdbcLogger.java:137] - <==      Total: 1
2023-09-19 23:00:00,673 DEBUG [http-nio-63040-exec-3][Logger.java:49] - Closing non transactional SqlSession [org.apache.ibatis.session.defaults.DefaultSqlSession@18bd674]
2023-09-19 23:00:00,673 DEBUG [http-nio-63040-exec-3][Logger.java:49] - Closing non transactional SqlSession [org.apache.ibatis.session.defaults.DefaultSqlSession@18bd674]
2023-09-19 23:00:00,679 DEBUG [http-nio-63040-exec-3][AbstractMessageConverterMethodProcessor.java:255] - Using 'application/json', given [application/json, text/plain, */*] and supported [application/json, application/*+json, application/json, application/*+json]
2023-09-19 23:00:00,679 DEBUG [http-nio-63040-exec-3][AbstractMessageConverterMethodProcessor.java:255] - Using 'application/json', given [application/json, text/plain, */*] and supported [application/json, application/*+json, application/json, application/*+json]
2023-09-19 23:00:00,679 DEBUG [http-nio-63040-exec-3][LogFormatUtils.java:91] - Writing [CourseBaseInfoDto(charge=201001, price=2.0, originalPrice=11.0, qq=1, wechat=1, phone=1, validDays=1 (truncated)...]
2023-09-19 23:00:00,679 DEBUG [http-nio-63040-exec-3][LogFormatUtils.java:91] - Writing [CourseBaseInfoDto(charge=201001, price=2.0, originalPrice=11.0, qq=1, wechat=1, phone=1, validDays=1 (truncated)...]
2023-09-19 23:00:00,681 DEBUG [http-nio-63040-exec-3][FrameworkServlet.java:1131] - Completed 200 OK
2023-09-19 23:00:00,681 DEBUG [http-nio-63040-exec-3][FrameworkServlet.java:1131] - Completed 200 OK
